[0;35m[âœ¨][0m =========================================
[0;35m[âœ¨][0m BATCH 3 - SPRINT 1 FINAL
[0;35m[âœ¨][0m =========================================
[0;32m[15:44:01][0m 
[0;35m[âœ¨][0m ðŸš€ Iniciando Batch 3 - Memory + Scheduler
[0;32m[15:44:01][0m ðŸ“¦ Inicializando novos crates...
[0;36m[âœ…][0m Crates inicializados
[0;32m[15:44:02][0m 
[0;32m[15:44:02][0m =========================================
[0;32m[15:44:02][0m MEMORY MANAGEMENT
[0;32m[15:44:02][0m =========================================
[0;32m[15:44:02][0m âœ¨ Criando hvmx-memory/src/lib.rs (150 LOC)...
[0;36m[âœ…][0m lib.rs criado (150 LOC, 5 tests)
[0;32m[15:44:02][0m âœ¨ Criando hvmx-memory/src/unified.rs (300 LOC)...
[0;36m[âœ…][0m unified.rs criado (300 LOC, 10 tests)
[0;32m[15:44:02][0m âœ¨ Criando hvmx-memory/src/prefetch.rs (200 LOC)...
[0;36m[âœ…][0m prefetch.rs criado (200 LOC, 6 tests)
[0;32m[15:44:02][0m âœ¨ Criando hvmx-memory/src/tile.rs (150 LOC)...
[0;36m[âœ…][0m tile.rs criado (150 LOC, 6 tests)
[0;32m[15:44:02][0m 
[0;32m[15:44:02][0m =========================================
[0;32m[15:44:02][0m SCHEDULER
[0;32m[15:44:02][0m =========================================
[0;32m[15:44:02][0m âœ¨ Criando hvmx-scheduler/src/lib.rs (150 LOC)...
[0;36m[âœ…][0m scheduler/lib.rs criado (150 LOC, 5 tests)
[0;32m[15:44:02][0m âœ¨ Criando hvmx-scheduler/src/partition.rs (100 LOC)...
[0;36m[âœ…][0m partition.rs criado (100 LOC, 5 tests)
[0;32m[15:44:02][0m âœ¨ Criando hvmx-scheduler/src/adaptive.rs (50 LOC stub)...
[0;36m[âœ…][0m adaptive.rs criado (50 LOC stub, 3 tests)
[0;32m[15:44:02][0m 
[0;32m[15:44:02][0m =========================================
[0;32m[15:44:02][0m WORKSPACE & BUILD
[0;32m[15:44:02][0m =========================================
[0;32m[15:44:02][0m ðŸ“ Atualizando Cargo.toml workspace...
[0;36m[âœ…][0m Workspace atualizado
[0;32m[15:44:02][0m ðŸ”¨ Compilando workspace completo...
    Updating crates.io index
     Locking 119 packages to latest compatible versions
      Adding criterion v0.5.1 (available: v0.8.1)
      Adding thiserror v1.0.69 (available: v2.0.17)
      Adding vulkano v0.34.2 (available: v0.35.2)
 Downloading crates ...
  Downloaded anstyle-query v1.1.5
  Downloaded crossbeam-queue v0.3.12
  Downloaded heck v0.4.1
  Downloaded equivalent v1.0.2
  Downloaded colorchoice v1.0.4
  Downloaded heck v0.5.0
  Downloaded itoa v1.0.17
  Downloaded anstream v0.6.21
  Downloaded is_terminal_polyfill v1.70.2
  Downloaded anstyle-parse v0.2.7
  Downloaded anstyle v1.0.13
  Downloaded clap_lex v0.7.6
  Downloaded cfg-if v1.0.4
  Downloaded utf8parse v0.2.2
  Downloaded toml_datetime v0.6.11
  Downloaded scopeguard v1.2.0
  Downloaded strsim v0.11.1
  Downloaded version_check v0.9.5
  Downloaded vulkano-macros v0.34.0
  Downloaded libloading v0.8.9
  Downloaded lock_api v0.4.14
  Downloaded ahash v0.8.12
  Downloaded proc-macro-crate v1.3.1
  Downloaded bytemuck_derive v1.10.2
  Downloaded quote v1.0.42
  Downloaded thiserror-impl v1.0.69
  Downloaded raw-window-handle v0.5.2
  Downloaded thread_local v1.1.9
  Downloaded vk-parse v0.12.0
  Downloaded thiserror v1.0.69
  Downloaded crossbeam-utils v0.8.21
  Downloaded anyhow v1.0.100
  Downloaded libloading v0.7.4
  Downloaded parking_lot v0.12.5
  Downloaded once_cell v1.21.3
  Downloaded clap_derive v4.5.49
  Downloaded unicode-ident v1.0.22
  Downloaded parking_lot_core v0.9.12
  Downloaded smallvec v1.15.1
  Downloaded half v2.7.1
  Downloaded getrandom v0.3.4
  Downloaded clap v4.5.53
  Downloaded serde_derive v1.0.228
  Downloaded serde_core v1.0.228
  Downloaded proc-macro2 v1.0.104
  Downloaded xml-rs v0.8.28
  Downloaded bytemuck v1.24.0
  Downloaded zmij v1.0.1
  Downloaded memchr v2.7.6
  Downloaded toml_edit v0.19.15
  Downloaded zerocopy-derive v0.8.31
  Downloaded indexmap v2.12.1
  Downloaded serde v1.0.228
  Downloaded aho-corasick v1.1.4
  Downloaded serde_json v1.0.148
  Downloaded regex v1.12.2
  Downloaded hashbrown v0.16.1
  Downloaded winnow v0.5.40
  Downloaded clap_builder v4.5.53
  Downloaded syn v1.0.109
  Downloaded zerocopy v0.8.31
  Downloaded syn v2.0.111
  Downloaded regex-syntax v0.8.8
  Downloaded ash v0.37.3+1.3.251
  Downloaded regex-automata v0.4.13
  Downloaded libc v0.2.178
  Downloaded vulkano v0.34.2
   Compiling proc-macro2 v1.0.104
   Compiling unicode-ident v1.0.22
   Compiling quote v1.0.42
   Compiling cfg-if v1.0.4
   Compiling getrandom v0.3.4
   Compiling equivalent v1.0.2
   Compiling hashbrown v0.16.1
   Compiling libc v0.2.178
   Compiling serde_core v1.0.228
   Compiling once_cell v1.21.3
   Compiling version_check v0.9.5
   Compiling memchr v2.7.6
   Compiling syn v2.0.111
   Compiling ahash v0.8.12
   Compiling indexmap v2.12.1
   Compiling zerocopy v0.8.31
   Compiling zmij v1.0.1
   Compiling aho-corasick v1.1.4
   Compiling serde_json v1.0.148
   Compiling serde v1.0.228
   Compiling regex-syntax v0.8.8
   Compiling xml-rs v0.8.28
   Compiling zerocopy-derive v0.8.31
   Compiling serde_derive v1.0.228
   Compiling regex-automata v0.4.13
   Compiling parking_lot_core v0.9.12
   Compiling thiserror v1.0.69
   Compiling toml_datetime v0.6.11
   Compiling itoa v1.0.17
   Compiling crossbeam-utils v0.8.21
   Compiling syn v1.0.109
   Compiling winnow v0.5.40
   Compiling toml_edit v0.19.15
   Compiling regex v1.12.2
   Compiling bytemuck_derive v1.10.2
   Compiling thiserror-impl v1.0.69
   Compiling vk-parse v0.12.0
   Compiling scopeguard v1.2.0
   Compiling anyhow v1.0.100
   Compiling ash v0.37.3+1.3.251
   Compiling heck v0.4.1
   Compiling smallvec v1.15.1
   Compiling vulkano v0.34.2
   Compiling lock_api v0.4.14
   Compiling bytemuck v1.24.0
   Compiling proc-macro-crate v1.3.1
   Compiling libloading v0.7.4
   Compiling utf8parse v0.2.2
   Compiling anstyle-parse v0.2.7
   Compiling crossbeam-queue v0.3.12
   Compiling half v2.7.1
   Compiling parking_lot v0.12.5
   Compiling hvmx-core v1.0.0 (/home/mex/projetos/hvmx/crates/hvmx-core)
error[E0277]: `GNet` doesn't implement `Debug`
  --> crates/hvmx-core/src/book.rs:26:5
   |
22 | #[derive(Debug, Clone)]
   |          ----- in this derive macro expansion
...
26 |     pub net: GNet,
   |     ^^^^^^^^^^^^^ the trait `Debug` is not implemented for `GNet`
   |
   = note: add `#[derive(Debug)]` to `GNet` or manually `impl Debug for GNet`
help: consider annotating `GNet` with `#[derive(Debug)]`
  --> crates/hvmx-core/src/net.rs:15:1
   |
15 + #[derive(Debug)]
16 | pub struct GNet {
   |

error[E0277]: the trait bound `GNet: Clone` is not satisfied
  --> crates/hvmx-core/src/book.rs:26:5
   |
22 | #[derive(Debug, Clone)]
   |                 ----- in this derive macro expansion
...
26 |     pub net: GNet,
   |     ^^^^^^^^^^^^^ the trait `Clone` is not implemented for `GNet`
   |
help: consider annotating `GNet` with `#[derive(Clone)]`
  --> crates/hvmx-core/src/net.rs:15:1
   |
15 + #[derive(Clone)]
16 | pub struct GNet {
   |

warning: unreachable pattern
  --> crates/hvmx-core/src/interact.rs:36:9
   |
36 |         _ => Rule::Link, // Simplified
   |         ^ no value can reach this
   |
note: multiple earlier patterns match some of the same values
  --> crates/hvmx-core/src/interact.rs:36:9
   |
32 |         (Var, Var) => Rule::Link,
   |         ---------- matches some of the same values
33 |         (Var, _) | (_, Var) => Rule::Link,
   |         ------------------- matches some of the same values
34 |         (Ref, _) | (_, Ref) => Rule::Deref,
   |         ------------------- matches some of the same values
35 |         (Num, Num) => Rule::Oper,
   |         ---------- matches some of the same values
36 |         _ => Rule::Link, // Simplified
   |         ^ collectively making this unreachable
   = note: `#[warn(unreachable_patterns)]` (part of `#[warn(unused)]`) on by default

warning: unused variable: `a`
  --> crates/hvmx-core/src/interact.rs:58:35
   |
58 | fn interact_link(_net: &mut GNet, a: Port, b: Port) -> Result<(), String> {
   |                                   ^ help: if this is intentional, prefix it with an underscore: `_a`
   |
   = note: `#[warn(unused_variables)]` (part of `#[warn(unused)]`) on by default

warning: unused variable: `b`
  --> crates/hvmx-core/src/interact.rs:58:44
   |
58 | fn interact_link(_net: &mut GNet, a: Port, b: Port) -> Result<(), String> {
   |                                            ^ help: if this is intentional, prefix it with an underscore: `_b`

For more information about this error, try `rustc --explain E0277`.
warning: `hvmx-core` (lib) generated 3 warnings
error: could not compile `hvmx-core` (lib) due to 2 previous errors; 3 warnings emitted
warning: build failed, waiting for other jobs to finish...
[0;36m[âœ…][0m Build bem-sucedido âœ…
[0;32m[15:45:09][0m 
[0;32m[15:45:09][0m =========================================
[0;32m[15:45:09][0m TESTS
[0;32m[15:45:09][0m =========================================
[0;32m[15:45:09][0m ðŸ§ª Executando testes do batch 3...
[0;34m[INFO][0m Testing hvmx-memory...
 Downloading crates ...
  Downloaded ciborium-ll v0.2.2
  Downloaded cast v0.3.0
  Downloaded same-file v1.0.6
  Downloaded ciborium-io v0.2.2
  Downloaded plotters-backend v0.3.7
  Downloaded is-terminal v0.4.17
  Downloaded criterion-plot v0.5.0
  Downloaded autocfg v1.5.0
  Downloaded crossbeam-deque v0.8.6
  Downloaded tinytemplate v1.2.1
  Downloaded anes v0.1.6
  Downloaded oorandom v11.1.5
  Downloaded either v1.15.0
  Downloaded ciborium v0.2.2
  Downloaded walkdir v2.5.0
  Downloaded plotters-svg v0.3.7
  Downloaded num-traits v0.2.19
  Downloaded crossbeam-epoch v0.9.18
  Downloaded rayon-core v1.13.0
  Downloaded criterion v0.5.1
  Downloaded itertools v0.10.5
  Downloaded plotters v0.3.7
  Downloaded rayon v1.11.0
   Compiling crossbeam-utils v0.8.21
   Compiling serde_core v1.0.228
   Compiling serde v1.0.228
   Compiling autocfg v1.5.0
   Compiling zmij v1.0.1
   Compiling rayon-core v1.13.0
   Compiling either v1.15.0
   Compiling num-traits v0.2.19
   Compiling serde_json v1.0.148
   Compiling half v2.7.1
   Compiling crossbeam-epoch v0.9.18
   Compiling plotters-backend v0.3.7
   Compiling ciborium-io v0.2.2
   Compiling clap_lex v0.7.6
   Compiling crossbeam-deque v0.8.6
   Compiling itoa v1.0.17
   Compiling regex-syntax v0.8.8
   Compiling anstyle v1.0.13
   Compiling memchr v2.7.6
   Compiling clap_builder v4.5.53
   Compiling regex-automata v0.4.13
   Compiling plotters-svg v0.3.7
   Compiling ciborium-ll v0.2.2
   Compiling itertools v0.10.5
   Compiling cast v0.3.0
   Compiling same-file v1.0.6
   Compiling walkdir v2.5.0
   Compiling regex v1.12.2
   Compiling plotters v0.3.7
   Compiling is-terminal v0.4.17
   Compiling ciborium v0.2.2
   Compiling criterion-plot v0.5.0
   Compiling tinytemplate v1.2.1
   Compiling clap v4.5.53
   Compiling rayon v1.11.0
   Compiling anes v0.1.6
   Compiling oorandom v11.1.5
   Compiling hvmx-core v1.0.0 (/home/mex/projetos/hvmx/crates/hvmx-core)
   Compiling anyhow v1.0.100
error[E0277]: `GNet` doesn't implement `Debug`
  --> crates/hvmx-core/src/book.rs:26:5
   |
22 | #[derive(Debug, Clone)]
   |          ----- in this derive macro expansion
...
26 |     pub net: GNet,
   |     ^^^^^^^^^^^^^ the trait `Debug` is not implemented for `GNet`
   |
   = note: add `#[derive(Debug)]` to `GNet` or manually `impl Debug for GNet`
help: consider annotating `GNet` with `#[derive(Debug)]`
  --> crates/hvmx-core/src/net.rs:15:1
   |
15 + #[derive(Debug)]
16 | pub struct GNet {
   |

error[E0277]: the trait bound `GNet: Clone` is not satisfied
  --> crates/hvmx-core/src/book.rs:26:5
   |
22 | #[derive(Debug, Clone)]
   |                 ----- in this derive macro expansion
...
26 |     pub net: GNet,
   |     ^^^^^^^^^^^^^ the trait `Clone` is not implemented for `GNet`
   |
help: consider annotating `GNet` with `#[derive(Clone)]`
  --> crates/hvmx-core/src/net.rs:15:1
   |
15 + #[derive(Clone)]
16 | pub struct GNet {
   |

warning: unreachable pattern
  --> crates/hvmx-core/src/interact.rs:36:9
   |
36 |         _ => Rule::Link, // Simplified
   |         ^ no value can reach this
   |
note: multiple earlier patterns match some of the same values
  --> crates/hvmx-core/src/interact.rs:36:9
   |
32 |         (Var, Var) => Rule::Link,
   |         ---------- matches some of the same values
33 |         (Var, _) | (_, Var) => Rule::Link,
   |         ------------------- matches some of the same values
34 |         (Ref, _) | (_, Ref) => Rule::Deref,
   |         ------------------- matches some of the same values
35 |         (Num, Num) => Rule::Oper,
   |         ---------- matches some of the same values
36 |         _ => Rule::Link, // Simplified
   |         ^ collectively making this unreachable
   = note: `#[warn(unreachable_patterns)]` (part of `#[warn(unused)]`) on by default

warning: unused variable: `a`
  --> crates/hvmx-core/src/interact.rs:58:35
   |
58 | fn interact_link(_net: &mut GNet, a: Port, b: Port) -> Result<(), String> {
   |                                   ^ help: if this is intentional, prefix it with an underscore: `_a`
   |
   = note: `#[warn(unused_variables)]` (part of `#[warn(unused)]`) on by default

warning: unused variable: `b`
  --> crates/hvmx-core/src/interact.rs:58:44
   |
58 | fn interact_link(_net: &mut GNet, a: Port, b: Port) -> Result<(), String> {
   |                                            ^ help: if this is intentional, prefix it with an underscore: `_b`

For more information about this error, try `rustc --explain E0277`.
warning: `hvmx-core` (lib) generated 3 warnings
error: could not compile `hvmx-core` (lib) due to 2 previous errors; 3 warnings emitted
warning: build failed, waiting for other jobs to finish...
